<?xml version="1.0" encoding="UTF-8"?>
<!-- Generated by org.testng.reporters.JUnitReportReporter -->
<testsuite hostname="Rajdeep" failures="0" tests="2" name="test.SignInPageTest" time="13.520" errors="0" timestamp="2025-09-23T09:21:52 IST" skipped="0">
  <testcase classname="test.SignInPageTest" name="verifySignInPage" time="6.733"/>
  <system-out/>
  <testcase classname="test.SignInPageTest" name="verifySignInFields" time="6.787"/>
  <system-out/>
</testsuite> <!-- test.SignInPageTest -->
