<?xml version="1.0" encoding="UTF-8"?>
<!-- Generated by org.testng.reporters.JUnitReportReporter -->
<testsuite hostname="Rajdeep" failures="0" tests="2" name="test.MxPlayerHomepageTest" time="17.428" errors="0" timestamp="2025-09-23T09:21:52 IST" skipped="0">
  <testcase classname="test.MxPlayerHomepageTest" name="verifyMXPlayerHomepage" time="10.953"/>
  <system-out/>
  <testcase classname="test.MxPlayerHomepageTest" name="verifyLinks" time="6.475"/>
  <system-out/>
</testsuite> <!-- test.MxPlayerHomepageTest -->
