<?xml version="1.0" encoding="UTF-8"?>
<!-- Generated by org.testng.reporters.JUnitReportReporter -->
<testsuite hostname="Rajdeep" failures="0" tests="1" name="test.SearchProductTest" time="8.037" errors="0" timestamp="2025-09-23T09:21:52 IST" skipped="0">
  <testcase classname="test.SearchProductTest" name="searchProductAndVerifyFirstLink" time="8.037"/>
  <system-out/>
</testsuite> <!-- test.SearchProductTest -->
