<?xml version="1.0" encoding="UTF-8"?>
<!-- Generated by org.testng.reporters.JUnitReportReporter -->
<testsuite hostname="Rajdeep" failures="0" tests="2" name="test.SignInPageTest" time="12.155" errors="0" timestamp="2025-08-26T08:57:11 IST" skipped="0">
  <testcase classname="test.SignInPageTest" name="verifySignInPage" time="8.546"/>
  <system-out/>
  <testcase classname="test.SignInPageTest" name="verifySignInFields" time="3.609"/>
  <system-out/>
</testsuite> <!-- test.SignInPageTest -->
