<?xml version="1.0" encoding="UTF-8"?>
<!-- Generated by org.testng.reporters.JUnitReportReporter -->
<testsuite hostname="Rajdeep" failures="0" tests="1" name="test.SearchProductTest" time="8.348" errors="0" timestamp="2025-08-26T08:57:11 IST" skipped="0">
  <testcase classname="test.SearchProductTest" name="searchProductAndVerifyFirstLink" time="8.348"/>
  <system-out/>
</testsuite> <!-- test.SearchProductTest -->
